
ROM used:   1492/2048 (73%)
            1492/2048 (73%) including unused fragments

            0.2 Average locations per line
            1.3 Average locations per statement

RAM used:   70/224 (31%) at main() level
            88/224 (39%) worst case

Stack used: 5 worst case (3 in main + 2 for interrupts)
Stack size: 8

Lines Stmts  %   Files
----- ----- ---  -----
 1393   445  38  ysmen.c
   20     0   0  ysmen.h
  518     0   0  ..\..\..\..\Program Files (x86)\PICC\devices\16F628A.h
 2229   257  22  ..\..\..\..\Program Files (x86)\PICC\drivers\math.h
 1351   359  30  ..\..\..\..\Program Files (x86)\PICC\drivers\STDLIB.H
   32     0   0  ..\..\..\..\Program Files (x86)\PICC\drivers\stddef.h
  423   125  11  ..\..\..\..\Program Files (x86)\PICC\drivers\string.h
   28     0   0  ..\..\..\..\Program Files (x86)\PICC\drivers\ctype.h
----- -----
 5994  1186 Total

Page ROM  %  RAM   Vol Diff  Functions:
---- --- --- ---   --- ----  ----------
0     21   1    1             @delay_ms2
 Inline         1             @delay_us2
0     27   2    0   412  3.8  EXT_isr
0    176  12    1   764  6.7  TIMER1_isr
0     14   1    0   138  4.2  RTCC_isr
0    134   9    2  1070  8.3  MAIN
0     32   2    0   333  3.3  init
0    437  29    0    59  1.9  handle
0     81   5    1   759  4.3  txmit1
 Inline         1   576  4.8  txmit0
0    108   7    3   643  8.3  txmit
0     31   2    1    69  1.9  stopbit
 Inline         2  1691  8.3  readData
0     27   2    0   436  4.3  copyData
 Inline         2  3018 10.4  commands
0    117   8    2  1099  6.8  flash_IR
0    230  15    2  1068  2.4  init_from_eeprom
 Inline         0             @cinit1

Program metrics:
    Functions               15
    Statements              1186
    Comments                1736
    Volume (V)              18853
    Difficulty (D)          80.7
    Effort to implement (E) 1521286
    Time to implement (T)   23 hours, 29 minutes
    Est Delivered Bugs (B)  4
    Cyclomatic Complexity   72
    Maintainability (MI)    21

 Segment     Used  Free
-----------  ----  ----
00000-00003     4  0  
00004-00038    53  0  
00039-007FF  1435  556  



